<?xml version="1.0" encoding="UTF-8"?>
<!-- Generated by org.testng.reporters.JUnitXMLReporter -->
<testsuite ignored="0" hostname="DESKTOP-7RSSMPL" failures="0" tests="2" name="Error Validations Test" time="175.442" errors="0" timestamp="2024-09-08T21:13:08 IST">
  <testcase classname="rahulshettyacademy.tests.ErrorValidationsTest" name="LoginErrorValidation" time="9.956"/>
  <testcase classname="rahulshettyacademy.tests.ErrorValidationsTest" name="ProductErrorValidation" time="24.24"/>
</testsuite> <!-- Error Validations Test -->
