<?xml version="1.0" encoding="UTF-8"?>
<!-- Generated by org.testng.reporters.JUnitXMLReporter -->
<testsuite ignored="0" hostname="DESKTOP-7RSSMPL" failures="0" tests="3" name="Submit Order Test" time="157.467" errors="0" timestamp="2024-09-23T14:53:28 GMT+05:30">
  <testcase classname="rahulshettyacademy.tests.SubmitOrderTest" name="submitOrder" time="27.026"/>
  <testcase classname="rahulshettyacademy.tests.SubmitOrderTest" name="submitOrder" time="23.53"/>
  <testcase classname="rahulshettyacademy.tests.SubmitOrderTest" name="OrderHistoryTest" time="6.868"/>
</testsuite> <!-- Submit Order Test -->
